# Logfile created on 2012-11-02 10:03:38 +0100 by logger.rb/31641
REQUESTING PAGE: GET / with {} and HTTP headers {}
REQUESTING PAGE: GET / with {} and HTTP headers {}
REQUESTING PAGE: GET / with {} and HTTP headers {}
REQUESTING PAGE: GET /help with {} and HTTP headers {}
REQUESTING PAGE: GET /help with {} and HTTP headers {}
REQUESTING PAGE: GET /about with {} and HTTP headers {}
REQUESTING PAGE: GET /about with {} and HTTP headers {}
REQUESTING PAGE: GET /contact with {} and HTTP headers {}
REQUESTING PAGE: GET /contact with {} and HTTP headers {}
REQUESTING PAGE: GET / with {} and HTTP headers {}
REQUESTING PAGE: GET / with {} and HTTP headers {}
REQUESTING PAGE: GET / with {} and HTTP headers {}
REQUESTING PAGE: GET /help with {} and HTTP headers {}
REQUESTING PAGE: GET /help with {} and HTTP headers {}
REQUESTING PAGE: GET /about with {} and HTTP headers {}
REQUESTING PAGE: GET /about with {} and HTTP headers {}
REQUESTING PAGE: GET /contact with {} and HTTP headers {}
REQUESTING PAGE: GET /contact with {} and HTTP headers {}
REQUESTING PAGE: GET / with {} and HTTP headers {}
REQUESTING PAGE: GET / with {} and HTTP headers {}
REQUESTING PAGE: GET / with {} and HTTP headers {}
REQUESTING PAGE: GET /help with {} and HTTP headers {}
REQUESTING PAGE: GET /help with {} and HTTP headers {}
REQUESTING PAGE: GET /about with {} and HTTP headers {}
REQUESTING PAGE: GET /about with {} and HTTP headers {}
REQUESTING PAGE: GET /contact with {} and HTTP headers {}
REQUESTING PAGE: GET /contact with {} and HTTP headers {}
